# Logfile created on 2014-01-24 12:12:34 -0500 by logger.rb/44203
I, [2014-01-24T12:12:34.385407 #3260]  INFO -- : 0:  backports (3.4.0) from /Users/matthew/.rvm/gems/ruby-2.1.0/specifications/backports-3.4.0.gemspec
I, [2014-01-24T12:12:34.385777 #3260]  INFO -- : 0:  multi_json (1.8.4) from /Users/matthew/.rvm/gems/ruby-2.1.0/specifications/multi_json-1.8.4.gemspec
I, [2014-01-24T12:12:34.386125 #3260]  INFO -- : 0:  rack (1.5.2) from /Users/matthew/.rvm/gems/ruby-2.1.0/specifications/rack-1.5.2.gemspec
I, [2014-01-24T12:12:34.386458 #3260]  INFO -- : 0:  rack-protection (1.5.2) from /Users/matthew/.rvm/gems/ruby-2.1.0/specifications/rack-protection-1.5.2.gemspec
I, [2014-01-24T12:12:34.386781 #3260]  INFO -- : 0:  rack-test (0.6.2) from /Users/matthew/.rvm/gems/ruby-2.1.0/specifications/rack-test-0.6.2.gemspec
I, [2014-01-24T12:12:34.387101 #3260]  INFO -- : 0:  tilt (1.4.1) from /Users/matthew/.rvm/gems/ruby-2.1.0/specifications/tilt-1.4.1.gemspec
I, [2014-01-24T12:12:34.387424 #3260]  INFO -- : 0:  sinatra (1.4.4) from /Users/matthew/.rvm/gems/ruby-2.1.0/specifications/sinatra-1.4.4.gemspec
I, [2014-01-24T12:12:34.387754 #3260]  INFO -- : 0:  sinatra-contrib (1.4.2) from /Users/matthew/.rvm/gems/ruby-2.1.0/specifications/sinatra-contrib-1.4.2.gemspec
I, [2014-01-24T12:12:34.388061 #3260]  INFO -- : 0:  sinatra-reloader (1.0) from /Users/matthew/.rvm/gems/ruby-2.1.0/specifications/sinatra-reloader-1.0.gemspec
I, [2014-01-24T12:12:35.217425 #3260]  INFO -- : 0:  yahoofinance (1.2.2) from /Users/matthew/.rvm/gems/ruby-2.1.0/specifications/yahoofinance-1.2.2.gemspec
I, [2014-01-24T12:12:35.217793 #3260]  INFO -- : 0:  bundler (1.5.1) from /Users/matthew/.rvm/gems/ruby-2.1.0@global/specifications/bundler-1.5.1.gemspec
I, [2014-01-24T12:32:39.187672 #3696]  INFO -- : 0:  backports (3.4.0) from /Users/matthew/.rvm/gems/ruby-2.1.0/specifications/backports-3.4.0.gemspec
I, [2014-01-24T12:32:39.188048 #3696]  INFO -- : 0:  multi_json (1.8.4) from /Users/matthew/.rvm/gems/ruby-2.1.0/specifications/multi_json-1.8.4.gemspec
I, [2014-01-24T12:32:39.188411 #3696]  INFO -- : 0:  rack (1.5.2) from /Users/matthew/.rvm/gems/ruby-2.1.0/specifications/rack-1.5.2.gemspec
I, [2014-01-24T12:32:39.188764 #3696]  INFO -- : 0:  rack-protection (1.5.2) from /Users/matthew/.rvm/gems/ruby-2.1.0/specifications/rack-protection-1.5.2.gemspec
I, [2014-01-24T12:32:39.189090 #3696]  INFO -- : 0:  rack-test (0.6.2) from /Users/matthew/.rvm/gems/ruby-2.1.0/specifications/rack-test-0.6.2.gemspec
I, [2014-01-24T12:32:39.189403 #3696]  INFO -- : 0:  tilt (1.4.1) from /Users/matthew/.rvm/gems/ruby-2.1.0/specifications/tilt-1.4.1.gemspec
I, [2014-01-24T12:32:39.189711 #3696]  INFO -- : 0:  sinatra (1.4.4) from /Users/matthew/.rvm/gems/ruby-2.1.0/specifications/sinatra-1.4.4.gemspec
I, [2014-01-24T12:32:39.190038 #3696]  INFO -- : 0:  sinatra-contrib (1.4.2) from /Users/matthew/.rvm/gems/ruby-2.1.0/specifications/sinatra-contrib-1.4.2.gemspec
I, [2014-01-24T12:32:39.190347 #3696]  INFO -- : 0:  sinatra-reloader (1.0) from /Users/matthew/.rvm/gems/ruby-2.1.0/specifications/sinatra-reloader-1.0.gemspec
I, [2014-01-24T12:32:39.190663 #3696]  INFO -- : 0:  yahoofinance (1.2.2) from /Users/matthew/.rvm/gems/ruby-2.1.0/specifications/yahoofinance-1.2.2.gemspec
I, [2014-01-24T12:32:39.190966 #3696]  INFO -- : 0:  bundler (1.5.1) from /Users/matthew/.rvm/gems/ruby-2.1.0@global/specifications/bundler-1.5.1.gemspec
I, [2014-01-24T13:35:07.154387 #4354]  INFO -- : 0:  backports (3.4.0) from /Users/matthew/.rvm/gems/ruby-2.1.0/specifications/backports-3.4.0.gemspec
I, [2014-01-24T13:35:07.158886 #4354]  INFO -- : 0:  multi_json (1.8.4) from /Users/matthew/.rvm/gems/ruby-2.1.0/specifications/multi_json-1.8.4.gemspec
I, [2014-01-24T13:35:07.159261 #4354]  INFO -- : 0:  rack (1.5.2) from /Users/matthew/.rvm/gems/ruby-2.1.0/specifications/rack-1.5.2.gemspec
I, [2014-01-24T13:35:07.159617 #4354]  INFO -- : 0:  rack-protection (1.5.2) from /Users/matthew/.rvm/gems/ruby-2.1.0/specifications/rack-protection-1.5.2.gemspec
I, [2014-01-24T13:35:07.159954 #4354]  INFO -- : 0:  rack-test (0.6.2) from /Users/matthew/.rvm/gems/ruby-2.1.0/specifications/rack-test-0.6.2.gemspec
I, [2014-01-24T13:35:07.160290 #4354]  INFO -- : 0:  tilt (1.4.1) from /Users/matthew/.rvm/gems/ruby-2.1.0/specifications/tilt-1.4.1.gemspec
I, [2014-01-24T13:35:07.160615 #4354]  INFO -- : 0:  sinatra (1.4.4) from /Users/matthew/.rvm/gems/ruby-2.1.0/specifications/sinatra-1.4.4.gemspec
I, [2014-01-24T13:35:07.160894 #4354]  INFO -- : 0:  sinatra-contrib (1.4.2) from /Users/matthew/.rvm/gems/ruby-2.1.0/specifications/sinatra-contrib-1.4.2.gemspec
I, [2014-01-24T13:35:07.161167 #4354]  INFO -- : 0:  sinatra-reloader (1.0) from /Users/matthew/.rvm/gems/ruby-2.1.0/specifications/sinatra-reloader-1.0.gemspec
I, [2014-01-24T13:35:07.161422 #4354]  INFO -- : 0:  yahoofinance (1.2.2) from /Users/matthew/.rvm/gems/ruby-2.1.0/specifications/yahoofinance-1.2.2.gemspec
I, [2014-01-24T13:35:07.161646 #4354]  INFO -- : 0:  bundler (1.5.1) from /Users/matthew/.rvm/gems/ruby-2.1.0@global/specifications/bundler-1.5.1.gemspec
I, [2014-01-24T13:35:30.718624 #4362]  INFO -- : 0:  backports (3.4.0) from /Users/matthew/.rvm/gems/ruby-2.1.0/specifications/backports-3.4.0.gemspec
I, [2014-01-24T13:35:30.719011 #4362]  INFO -- : 0:  multi_json (1.8.4) from /Users/matthew/.rvm/gems/ruby-2.1.0/specifications/multi_json-1.8.4.gemspec
I, [2014-01-24T13:35:30.719274 #4362]  INFO -- : 0:  rack (1.5.2) from /Users/matthew/.rvm/gems/ruby-2.1.0/specifications/rack-1.5.2.gemspec
I, [2014-01-24T13:35:30.719566 #4362]  INFO -- : 0:  rack-protection (1.5.2) from /Users/matthew/.rvm/gems/ruby-2.1.0/specifications/rack-protection-1.5.2.gemspec
I, [2014-01-24T13:35:30.719844 #4362]  INFO -- : 0:  rack-test (0.6.2) from /Users/matthew/.rvm/gems/ruby-2.1.0/specifications/rack-test-0.6.2.gemspec
I, [2014-01-24T13:35:30.720103 #4362]  INFO -- : 0:  tilt (1.4.1) from /Users/matthew/.rvm/gems/ruby-2.1.0/specifications/tilt-1.4.1.gemspec
I, [2014-01-24T13:35:30.720357 #4362]  INFO -- : 0:  sinatra (1.4.4) from /Users/matthew/.rvm/gems/ruby-2.1.0/specifications/sinatra-1.4.4.gemspec
I, [2014-01-24T13:35:30.720624 #4362]  INFO -- : 0:  sinatra-contrib (1.4.2) from /Users/matthew/.rvm/gems/ruby-2.1.0/specifications/sinatra-contrib-1.4.2.gemspec
I, [2014-01-24T13:35:30.720876 #4362]  INFO -- : 0:  sinatra-reloader (1.0) from /Users/matthew/.rvm/gems/ruby-2.1.0/specifications/sinatra-reloader-1.0.gemspec
I, [2014-01-24T13:35:30.721128 #4362]  INFO -- : 0:  yahoofinance (1.2.2) from /Users/matthew/.rvm/gems/ruby-2.1.0/specifications/yahoofinance-1.2.2.gemspec
I, [2014-01-24T13:35:30.721371 #4362]  INFO -- : 0:  bundler (1.5.1) from /Users/matthew/.rvm/gems/ruby-2.1.0@global/specifications/bundler-1.5.1.gemspec
